# JRE version: OpenJDK Runtime Environment Microsoft-9388408 (17.0.11+9) (build 17.0.11+9-LTS)
# Java VM: OpenJDK 64-Bit Server VM Microsoft-9388408 (17.0.11+9-LTS, mixed mode, sharing, tiered, compressed oops, compressed class ptrs, g1 gc, windows-amd64)
GC Precious Log:
 CPUs: 8 total, 8 available
 Memory: 12091M
 Large Page Support: Disabled
 NUMA Support: Disabled
 Compressed Oops: Enabled (32-bit)
 Heap Region Size: 1M
 Heap Min Capacity: 8M
 Heap Initial Capacity: 190M
 Heap Max Capacity: 2G
 Pre-touch: Disabled
 Parallel Workers: 8
 Concurrent Workers: 2
 Concurrent Refinement Workers: 8
 Periodic GC: Disabled
Heap:
 garbage-first heap   total 81920K, used 60615K [0x0000000080000000, 0x0000000100000000)
  region size 1024K, 34 young (34816K), 4 survivors (4096K)
 Metaspace       used 31408K, committed 31872K, reserved 491520K
  class space    used 4334K, committed 4544K, reserved 425984K
GC Heap History (11 events):
Event: 0.498 GC heap before
{Heap before GC invocations=0 (full 0):
 garbage-first heap   total 194560K, used 26624K [0x0000000080000000, 0x0000000100000000)
  region size 1024K, 23 young (23552K), 0 survivors (0K)
 Metaspace       used 2997K, committed 3136K, reserved 491520K
  class space    used 379K, committed 448K, reserved 425984K
}
Event: 0.502 GC heap after
{Heap after GC invocations=1 (full 0):
 garbage-first heap   total 194560K, used 10500K [0x0000000080000000, 0x0000000100000000)
  region size 1024K, 3 young (3072K), 3 survivors (3072K)
 Metaspace       used 2997K, committed 3136K, reserved 491520K
  class space    used 379K, committed 448K, reserved 425984K
}
Event: 0.825 GC heap before
{Heap before GC invocations=1 (full 0):
 garbage-first heap   total 194560K, used 40196K [0x0000000080000000, 0x0000000100000000)
  region size 1024K, 32 young (32768K), 3 survivors (3072K)
 Metaspace       used 3935K, committed 4096K, reserved 491520K
  class space    used 476K, committed 576K, reserved 425984K
}
Event: 0.830 GC heap after
{Heap after GC invocations=2 (full 0):
 garbage-first heap   total 194560K, used 14556K [0x0000000080000000, 0x0000000100000000)
  region size 1024K, 4 young (4096K), 4 survivors (4096K)
 Metaspace       used 3935K, committed 4096K, reserved 491520K
  class space    used 476K, committed 576K, reserved 425984K
}
Event: 2.530 GC heap before
{Heap before GC invocations=2 (full 0):
 garbage-first heap   total 194560K, used 116956K [0x0000000080000000, 0x0000000100000000)
  region size 1024K, 105 young (107520K), 4 survivors (4096K)
 Metaspace       used 21225K, committed 21504K, reserved 491520K
  class space    used 3154K, committed 3264K, reserved 425984K
}
Event: 2.538 GC heap after
{Heap after GC invocations=3 (full 0):
 garbage-first heap   total 194560K, used 22313K [0x0000000080000000, 0x0000000100000000)
  region size 1024K, 12 young (12288K), 12 survivors (12288K)
 Metaspace       used 21225K, committed 21504K, reserved 491520K
  class space    used 3154K, committed 3264K, reserved 425984K
}
Event: 3.110 GC heap before
{Heap before GC invocations=4 (full 0):
 garbage-first heap   total 81920K, used 58153K [0x0000000080000000, 0x0000000100000000)
  region size 1024K, 48 young (49152K), 12 survivors (12288K)
 Metaspace       used 28649K, committed 28992K, reserved 491520K
  class space    used 4027K, committed 4160K, reserved 425984K
}
Event: 3.119 GC heap after
{Heap after GC invocations=5 (full 0):
 garbage-first heap   total 81920K, used 26960K [0x0000000080000000, 0x0000000100000000)
  region size 1024K, 5 young (5120K), 5 survivors (5120K)
 Metaspace       used 28649K, committed 28992K, reserved 491520K
  class space    used 4027K, committed 4160K, reserved 425984K
}
Event: 3.124 GC heap before
{Heap before GC invocations=5 (full 0):
 garbage-first heap   total 81920K, used 27984K [0x0000000080000000, 0x0000000100000000)
  region size 1024K, 6 young (6144K), 5 survivors (5120K)
 Metaspace       used 28652K, committed 28992K, reserved 491520K
  class space    used 4027K, committed 4160K, reserved 425984K
}
Event: 3.128 GC heap after
{Heap after GC invocations=6 (full 0):
 garbage-first heap   total 81920K, used 26823K [0x0000000080000000, 0x0000000100000000)
  region size 1024K, 1 young (1024K), 1 survivors (1024K)
 Metaspace       used 28652K, committed 28992K, reserved 491520K
  class space    used 4027K, committed 4160K, reserved 425984K
}
Event: 3.498 GC heap before
{Heap before GC invocations=6 (full 0):
 garbage-first heap   total 81920K, used 59591K [0x0000000080000000, 0x0000000100000000)
  region size 1024K, 31 young (31744K), 1 survivors (1024K)
 Metaspace       used 31408K, committed 31872K, reserved 491520K
  class space    used 4334K, committed 4544K, reserved 425984K
}

