# JRE version: OpenJDK Runtime Environment Microsoft-9388408 (17.0.11+9) (build 17.0.11+9-LTS)
# Java VM: OpenJDK 64-Bit Server VM Microsoft-9388408 (17.0.11+9-LTS, mixed mode, sharing, tiered, compressed oops, compressed class ptrs, g1 gc, windows-amd64)
GC Precious Log:
 CPUs: 8 total, 8 available
 Memory: 12091M
 Large Page Support: Disabled
 NUMA Support: Disabled
 Compressed Oops: Enabled (32-bit)
 Heap Region Size: 1M
 Heap Min Capacity: 8M
 Heap Initial Capacity: 190M
 Heap Max Capacity: 2G
 Pre-touch: Disabled
 Parallel Workers: 8
 Concurrent Workers: 2
 Concurrent Refinement Workers: 8
 Periodic GC: Disabled
Heap:
 garbage-first heap   total 293888K, used 242951K [0x0000000080000000, 0x0000000100000000)
  region size 1024K, 62 young (63488K), 9 survivors (9216K)
 Metaspace       used 104485K, committed 105600K, reserved 557056K
  class space    used 14222K, committed 14784K, reserved 425984K
GC Heap History (20 events):
Event: 20.666 GC heap after
{Heap after GC invocations=31 (full 0):
 garbage-first heap   total 244736K, used 137104K [0x0000000080000000, 0x0000000100000000)
  region size 1024K, 3 young (3072K), 3 survivors (3072K)
 Metaspace       used 86240K, committed 87168K, reserved 557056K
  class space    used 12025K, committed 12416K, reserved 425984K
}
Event: 21.436 GC heap before
{Heap before GC invocations=31 (full 0):
 garbage-first heap   total 244736K, used 191376K [0x0000000080000000, 0x0000000100000000)
  region size 1024K, 56 young (57344K), 3 survivors (3072K)
 Metaspace       used 89779K, committed 90816K, reserved 557056K
  class space    used 12437K, committed 12928K, reserved 425984K
}
Event: 21.443 GC heap after
{Heap after GC invocations=32 (full 0):
 garbage-first heap   total 244736K, used 143541K [0x0000000080000000, 0x0000000100000000)
  region size 1024K, 7 young (7168K), 7 survivors (7168K)
 Metaspace       used 89779K, committed 90816K, reserved 557056K
  class space    used 12437K, committed 12928K, reserved 425984K
}
Event: 22.101 GC heap before
{Heap before GC invocations=32 (full 0):
 garbage-first heap   total 244736K, used 193717K [0x0000000080000000, 0x0000000100000000)
  region size 1024K, 56 young (57344K), 7 survivors (7168K)
 Metaspace       used 94746K, committed 95744K, reserved 557056K
  class space    used 13120K, committed 13568K, reserved 425984K
}
Event: 22.113 GC heap after
{Heap after GC invocations=33 (full 0):
 garbage-first heap   total 244736K, used 149921K [0x0000000080000000, 0x0000000100000000)
  region size 1024K, 6 young (6144K), 6 survivors (6144K)
 Metaspace       used 94746K, committed 95744K, reserved 557056K
  class space    used 13120K, committed 13568K, reserved 425984K
}
Event: 22.698 GC heap before
{Heap before GC invocations=33 (full 0):
 garbage-first heap   total 244736K, used 197025K [0x0000000080000000, 0x0000000100000000)
  region size 1024K, 52 young (53248K), 6 survivors (6144K)
 Metaspace       used 96675K, committed 97664K, reserved 557056K
  class space    used 13352K, committed 13824K, reserved 425984K
}
Event: 22.708 GC heap after
{Heap after GC invocations=34 (full 0):
 garbage-first heap   total 244736K, used 156231K [0x0000000080000000, 0x0000000100000000)
  region size 1024K, 7 young (7168K), 7 survivors (7168K)
 Metaspace       used 96675K, committed 97664K, reserved 557056K
  class space    used 13352K, committed 13824K, reserved 425984K
}
Event: 23.139 GC heap before
{Heap before GC invocations=34 (full 0):
 garbage-first heap   total 244736K, used 199239K [0x0000000080000000, 0x0000000100000000)
  region size 1024K, 49 young (50176K), 7 survivors (7168K)
 Metaspace       used 97149K, committed 98176K, reserved 557056K
  class space    used 13391K, committed 13824K, reserved 425984K
}
Event: 23.151 GC heap after
{Heap after GC invocations=35 (full 0):
 garbage-first heap   total 244736K, used 163840K [0x0000000080000000, 0x0000000100000000)
  region size 1024K, 7 young (7168K), 7 survivors (7168K)
 Metaspace       used 97149K, committed 98176K, reserved 557056K
  class space    used 13391K, committed 13824K, reserved 425984K
}
Event: 23.565 GC heap before
{Heap before GC invocations=35 (full 0):
 garbage-first heap   total 244736K, used 201728K [0x0000000080000000, 0x0000000100000000)
  region size 1024K, 44 young (45056K), 7 survivors (7168K)
 Metaspace       used 98916K, committed 99968K, reserved 557056K
  class space    used 13614K, committed 14144K, reserved 425984K
}
Event: 23.574 GC heap after
{Heap after GC invocations=36 (full 0):
 garbage-first heap   total 244736K, used 169777K [0x0000000080000000, 0x0000000100000000)
  region size 1024K, 6 young (6144K), 6 survivors (6144K)
 Metaspace       used 98916K, committed 99968K, reserved 557056K
  class space    used 13614K, committed 14144K, reserved 425984K
}
Event: 23.958 GC heap before
{Heap before GC invocations=36 (full 0):
 garbage-first heap   total 244736K, used 202545K [0x0000000080000000, 0x0000000100000000)
  region size 1024K, 39 young (39936K), 6 survivors (6144K)
 Metaspace       used 99561K, committed 100672K, reserved 557056K
  class space    used 13676K, committed 14208K, reserved 425984K
}
Event: 23.965 GC heap after
{Heap after GC invocations=37 (full 0):
 garbage-first heap   total 244736K, used 171904K [0x0000000080000000, 0x0000000100000000)
  region size 1024K, 3 young (3072K), 3 survivors (3072K)
 Metaspace       used 99561K, committed 100672K, reserved 557056K
  class space    used 13676K, committed 14208K, reserved 425984K
}
Event: 24.407 GC heap before
{Heap before GC invocations=37 (full 0):
 garbage-first heap   total 244736K, used 204672K [0x0000000080000000, 0x0000000100000000)
  region size 1024K, 36 young (36864K), 3 survivors (3072K)
 Metaspace       used 100980K, committed 102080K, reserved 557056K
  class space    used 13815K, committed 14336K, reserved 425984K
}
Event: 24.416 GC heap after
{Heap after GC invocations=38 (full 0):
 garbage-first heap   total 244736K, used 175750K [0x0000000080000000, 0x0000000100000000)
  region size 1024K, 5 young (5120K), 5 survivors (5120K)
 Metaspace       used 100980K, committed 102080K, reserved 557056K
  class space    used 13815K, committed 14336K, reserved 425984K
}
Event: 24.578 GC heap before
{Heap before GC invocations=38 (full 0):
 garbage-first heap   total 244736K, used 206470K [0x0000000080000000, 0x0000000100000000)
  region size 1024K, 36 young (36864K), 5 survivors (5120K)
 Metaspace       used 101069K, committed 102144K, reserved 557056K
  class space    used 13816K, committed 14336K, reserved 425984K
}
Event: 24.584 GC heap after
{Heap after GC invocations=39 (full 0):
 garbage-first heap   total 293888K, used 177693K [0x0000000080000000, 0x0000000100000000)
  region size 1024K, 2 young (2048K), 2 survivors (2048K)
 Metaspace       used 101069K, committed 102144K, reserved 557056K
  class space    used 13816K, committed 14336K, reserved 425984K
}
Event: 24.991 GC heap before
{Heap before GC invocations=39 (full 0):
 garbage-first heap   total 293888K, used 246301K [0x0000000080000000, 0x0000000100000000)
  region size 1024K, 66 young (67584K), 2 survivors (2048K)
 Metaspace       used 101321K, committed 102464K, reserved 557056K
  class space    used 13845K, committed 14400K, reserved 425984K
}
Event: 24.998 GC heap after
{Heap after GC invocations=40 (full 0):
 garbage-first heap   total 293888K, used 181359K [0x0000000080000000, 0x0000000100000000)
  region size 1024K, 6 young (6144K), 6 survivors (6144K)
 Metaspace       used 101321K, committed 102464K, reserved 557056K
  class space    used 13845K, committed 14400K, reserved 425984K
}
Event: 25.842 GC heap before
{Heap before GC invocations=40 (full 0):
 garbage-first heap   total 293888K, used 241775K [0x0000000080000000, 0x0000000100000000)
  region size 1024K, 59 young (60416K), 6 survivors (6144K)
 Metaspace       used 104485K, committed 105600K, reserved 557056K
  class space    used 14222K, committed 14784K, reserved 425984K
}

